<?xml version="1.0" encoding="UTF-8"?>
<testng-results ignored="0" total="1" passed="1" failed="0" skipped="0">
  <reporter-output>
  </reporter-output>
  <suite started-at="2020-11-15T18:42:29Z" name="Hotel Website Data Driven Framework" finished-at="2020-11-15T18:42:40Z" duration-ms="11592">
    <groups>
    </groups>
    <test started-at="2020-11-15T18:42:29Z" name="Login to HOtel Page Dashboard" finished-at="2020-11-15T18:42:40Z" duration-ms="11592">
      <class name="tests.LoginTest">
        <test-method is-config="true" signature="beforeMethod()[pri:0, instance:tests.LoginTest@4b8ee4de]" started-at="2020-11-15T18:42:29Z" name="beforeMethod" finished-at="2020-11-15T18:42:38Z" duration-ms="8919" status="PASS">
          <reporter-output>
          </reporter-output>
        </test-method> <!-- beforeMethod -->
        <test-method signature="loginToHotel(java.lang.String, java.lang.String)[pri:0, instance:tests.LoginTest@4b8ee4de]" started-at="2020-11-15T18:42:38Z" name="loginToHotel" finished-at="2020-11-15T18:42:39Z" duration-ms="1793" status="PASS">
          <params>
            <param index="0">
              <value>
                <![CDATA[student@test.com]]>
              </value>
            </param>
            <param index="1">
              <value>
                <![CDATA[welcome1]]>
              </value>
            </param>
          </params>
          <reporter-output>
          </reporter-output>
        </test-method> <!-- loginToHotel -->
        <test-method is-config="true" signature="afterMethod()[pri:0, instance:tests.LoginTest@4b8ee4de]" started-at="2020-11-15T18:42:39Z" name="afterMethod" finished-at="2020-11-15T18:42:40Z" duration-ms="859" status="PASS">
          <reporter-output>
          </reporter-output>
        </test-method> <!-- afterMethod -->
      </class> <!-- tests.LoginTest -->
    </test> <!-- Login to HOtel Page Dashboard -->
  </suite> <!-- Hotel Website Data Driven Framework -->
</testng-results>
